\BOOKMARK [0][-]{chapter.1}{\376\377\000L\000i\000n\000g\000u\000a\000g\000g\000i\000,\000\040\000m\000a\000c\000c\000h\000i\000n\000e\000\040\000a\000s\000t\000r\000a\000t\000t\000e\000,\000\040\000t\000e\000o\000r\000i\000a\000\040\000d\000e\000l\000l\000a\000\040\000c\000o\000m\000p\000u\000t\000a\000b\000i\000l\000i\000t\000\340}{}% 1
\BOOKMARK [1][-]{subsection.1.0.1}{\376\377\000E\000s\000e\000c\000u\000z\000i\000o\000n\000e}{chapter.1}% 2
\BOOKMARK [1][-]{section.1.1}{\376\377\000M\000a\000c\000c\000h\000i\000n\000e\000\040\000a\000s\000t\000r\000a\000t\000t\000e}{chapter.1}% 3
\BOOKMARK [2][-]{subsection.1.1.1}{\376\377\000A\000u\000t\000o\000m\000a\000\040\000e\000s\000e\000c\000u\000t\000o\000r\000e}{section.1.1}% 4
\BOOKMARK [2][-]{subsection.1.1.2}{\376\377\000G\000e\000r\000a\000r\000c\000h\000i\000a\000\040\000d\000i\000\040\000m\000a\000c\000c\000h\000i\000n\000e\000\040\000a\000s\000t\000r\000a\000t\000t\000e}{section.1.1}% 5
\BOOKMARK [2][-]{subsection.1.1.3}{\376\377\000M\000a\000c\000c\000h\000i\000n\000a\000\040\000b\000a\000s\000e}{section.1.1}% 6
\BOOKMARK [2][-]{subsection.1.1.4}{\376\377\000A\000u\000t\000o\000m\000a\000\040\000a\000\040\000s\000t\000a\000t\000i\000\040\000f\000i\000n\000i\000t\000i}{section.1.1}% 7
\BOOKMARK [2][-]{subsection.1.1.5}{\376\377\000M\000a\000c\000c\000h\000i\000n\000a\000\040\000d\000i\000\040\000T\000u\000r\000i\000n\000g}{section.1.1}% 8
\BOOKMARK [2][-]{subsection.1.1.6}{\376\377\000M\000a\000c\000c\000h\000i\000n\000e\000\040\000u\000n\000i\000v\000e\000r\000s\000a\000l\000i}{section.1.1}% 9
\BOOKMARK [1][-]{section.1.2}{\376\377\000T\000e\000o\000r\000i\000a\000\040\000d\000e\000l\000l\000a\000\040\000c\000o\000m\000p\000u\000t\000a\000b\000i\000l\000i\000t\000\340}{chapter.1}% 10
\BOOKMARK [1][-]{section.1.3}{\376\377\000F\000u\000n\000z\000i\000o\000n\000i}{chapter.1}% 11
\BOOKMARK [2][-]{subsection.1.3.1}{\376\377\000F\000u\000n\000z\000i\000o\000n\000e\000\040\000c\000a\000r\000a\000t\000t\000e\000r\000i\000s\000t\000i\000c\000a}{section.1.3}% 12
\BOOKMARK [2][-]{subsection.1.3.2}{\376\377\000F\000u\000n\000z\000i\000o\000n\000e\000\040\000c\000o\000m\000p\000u\000t\000a\000b\000i\000l\000e}{section.1.3}% 13
\BOOKMARK [2][-]{subsection.1.3.3}{\376\377\000F\000u\000n\000z\000i\000o\000n\000i\000\040\000d\000e\000f\000i\000n\000i\000b\000i\000l\000i\000\040\000v\000s\000\040\000f\000u\000n\000z\000i\000o\000n\000i\000\040\000c\000o\000m\000p\000u\000t\000a\000b\000i\000l\000i}{section.1.3}% 14
\BOOKMARK [2][-]{subsection.1.3.4}{\376\377\000F\000u\000n\000z\000i\000o\000n\000i\000\040\000n\000o\000n\000\040\000c\000o\000m\000p\000u\000t\000a\000b\000i\000l\000i}{section.1.3}% 15
\BOOKMARK [2][-]{subsection.1.3.5}{\376\377\000G\000e\000n\000e\000r\000a\000b\000i\000l\000i\000t\000\340\000\040\000e\000\040\000d\000e\000c\000i\000d\000i\000b\000i\000l\000i\000t\000\340}{section.1.3}% 16
\BOOKMARK [2][-]{subsection.1.3.6}{\376\377\000I\000n\000s\000i\000e\000m\000i\000\040\000d\000e\000c\000i\000d\000i\000b\000i\000l\000i}{section.1.3}% 17
\BOOKMARK [0][-]{chapter.2}{\376\377\000L\000i\000n\000g\000u\000a\000g\000g\000i\000\040\000e\000\040\000g\000r\000a\000m\000m\000a\000t\000i\000c\000h\000e}{}% 18
\BOOKMARK [0][-]{chapter.3}{\376\377\000R\000i\000c\000o\000n\000o\000s\000c\000i\000t\000o\000r\000i\000\040\000a\000\040\000s\000t\000a\000t\000i\000\040\000f\000i\000n\000i\000t\000i}{}% 19
\BOOKMARK [1][-]{section.3.1}{\376\377\000D\000a\000i\000\040\000r\000i\000c\000o\000n\000o\000s\000c\000i\000t\000o\000r\000i\000\040\000a\000i\000\040\000g\000e\000n\000e\000r\000a\000t\000o\000r\000i}{chapter.3}% 20
\BOOKMARK [2][-]{subsection.3.1.1}{\376\377\000M\000a\000p\000p\000i\000n\000g\000\040\000R\000S\000F\000\040\000-\0003\000m\000u\000\040\000g\000r\000a\000m\000m\000a\000t\000i\000c\000a}{section.3.1}% 21
\BOOKMARK [2][-]{subsection.3.1.2}{\376\377\000R\000i\000c\000o\000n\000o\000s\000c\000i\000t\000o\000r\000i\000\040\000t\000o\000p\000\040\000d\000o\000w\000n}{section.3.1}% 22
\BOOKMARK [2][-]{subsection.3.1.3}{\376\377\000R\000i\000c\000o\000n\000o\000s\000c\