This is pdfTeX, Version 3.141592653-2.6-1.40.22 (TeX Live 2022/dev/Debian) (preloaded format=pdflatex 2022.10.10)  18 OCT 2022 16:34
entering extended mode
 \write18 enabled.
 file:line:error style messages enabled.
 %&-line parsing enabled.
**main.tex
(./main.tex
LaTeX2e <2021-11-15> patch level 1
L3 programming layer <2022-01-21> (/usr/share/texlive/texmf-dist/tex/latex/base/book.cls
Document Class: book 2021/10/04 v1.4n Standard LaTeX document class
(/usr/share/texlive/texmf-dist/tex/latex/base/bk12.clo
File: bk12.clo 2021/10/04 v1.4n Standard LaTeX file (size option)
)
\c@part=\count185
\c@chapter=\count186
\c@section=\count187
\c@subsection=\count188
\c@subsubsection=\count189
\c@paragraph=\count190
\c@subparagraph=\count191
\c@figure=\count192
\c@table=\count193
\abovecaptionskip=\skip47
\belowcaptionskip=\skip48
\bibindent=\dimen138
) (/usr/share/texlive/texmf-dist/tex/latex/geometry/geometry.sty
Package: geometry 2020/01/02 v5.9 Page Geometry
 (/usr/share/texlive/texmf-dist/tex/latex/graphics/keyval.sty
Package: keyval 2014/10/28 v1.15 key=value parser (DPC)
\KV@toks@=\toks16
) (/usr/share/texlive/texmf-dist/tex/generic/iftex/ifvtex.sty
Package: ifvtex 2019/10/25 v1.7 ifvtex legacy package. Use iftex instead.
 (/usr/share/texlive/texmf-dist/tex/generic/iftex/iftex.sty
Package: iftex 2020/03/06 v1.0d TeX engine tests
))
\Gm@cnth=\count194
\Gm@cntv=\count195
\c@Gm@tempcnt=\count196
\Gm@bindingoffset=\dimen139
\Gm@wd@mp=\dimen140
\Gm@odd@mp=\dimen141
\Gm@even@mp=\dimen142
\Gm@layoutwidth=\dimen143
\Gm@layoutheight=\dimen144
\Gm@layouthoffset=\dimen145
\Gm@layoutvoffset=\dimen146
\Gm@dimlist=\toks17
) (/usr/share/texlive/texmf-dist/tex/latex/amsmath/amsmath.sty
Package: amsmath 2021/10/15 v2.17l AMS math features
\@mathmargin=\skip49

For additional information on amsmath, use the `?' option.
(/usr/share/texlive/texmf-dist/tex/latex/amsmath/amstext.sty
Package: amstext 2021/08/26 v2.01 AMS text
 (/usr/share/texlive/texmf-dist/tex/latex/amsmath/amsgen.sty
File: amsgen.sty 1999/11/30 v2.0 generic functions
\@emptytoks=\toks18
\ex@=\dimen147
)) (/usr/share/texlive/texmf-dist/tex/latex/amsmath/amsbsy.sty
Package: amsbsy 1999/11/29 v1.2d Bold Symbols
\pmbraise@=\dimen148
) (/usr/share/texlive/texmf-dist/tex/latex/amsmath/amsopn.sty
Package: amsopn 2021/08/26 v2.02 operator names
)
\inf@bad=\count197
LaTeX Info: Redefining \frac on input line 234.
\uproot@=\count198
\leftroot@=\count199
LaTeX Info: Redefining \overline on input line 399.
\classnum@=\count266
\DOTSCASE@=\count267
LaTeX Info: Redefining \ldots on input line 496.
LaTeX Info: Redefining \dots on input line 499.
LaTeX Info: Redefining \cdots on input line 620.
\Mathstrutbox@=\box50
\strutbox@=\box51
\big@size=\dimen149
LaTeX Font Info:    Redeclaring font encoding OML on input line 743.
LaTeX Font Info:    Redeclaring font encoding OMS on input line 744.
\macc@depth=\count268
\c@MaxMatrixCols=\count269
\dotsspace@=\muskip16
\c@parentequation=\count270
\dspbrk@lvl=\count271
\tag@help=\toks19
\row@=\count272
\column@=\count273
\maxfields@=\count274
\andhelp@=\toks20
\eqnshift@=\dimen150
\alignsep@=\dimen151
\tagshift@=\dimen152
\tagwidth@=\dimen153
\totwidth@=\dimen154
\lineht@=\dimen155
\@envbody=\toks21
\multlinegap=\skip50
\multlinetaggap=\skip51
\mathdisplay@stack=\toks22
LaTeX Info: Redefining \[ on input line 2938.
LaTeX Info: Redefining \] on input line 2939.
) (/usr/share/texlive/texmf-dist/tex/latex/graphics/graphicx.sty
Package: graphicx 2021/09/16 v1.2d Enhanced LaTeX Graphics (DPC,SPQR)
 (/usr/share/texlive/texmf-dist/tex/latex/graphics/graphics.sty
Package: graphics 2021/03/04 v1.4d Standard LaTeX Graphics (DPC,SPQR)
 (/usr/share/texlive/texmf-dist/tex/latex/graphics/trig.sty
Package: trig 2021/08/11 v1.11 sin cos tan (DPC)
) (/usr/share/texlive/texmf-dist/tex/latex/graphics-cfg/graphics.cfg
File: graphics.cfg 2016/06/04 v1.11 sample graphics configuration
)
Package graphics Info: Driver file: pdftex.def on input line 107.
 (/usr/share/texlive/texmf-dist/tex/latex/graphics-def/pdftex.def
File: pdftex.def 2020/10/05 v1.2a Graphics/color driver for pdftex
))
\Gin@req@height=\dimen156
\Gin@req@width=\dimen157
) (/usr/share/texlive/texmf-dist/tex/latex/xcolor/xcolor.sty
Package: xcolor 2021/10/31 v2.13 LaTeX color extensions (UK)
 (/usr/share/texlive/texmf-dist/tex/latex/graphics-cfg/color.cfg
File: color.cfg 2016/01/02 v1.6 sample color configuration
)
Package xcolor Info: Driver file: pdftex.def on input line 227.
Package xcolor Info: Model `cmy' substituted by `cmy0' on input line 1352.
Package xcolor Info: Model `hsb' substituted by `rgb' on input line 1356.
Package xcolor Info: Model `RGB' extended on input line 1368.
Package xcolor Info: Model `HTML' substituted by `rgb' on input line 1370.
Package xcolor Info: Model `Hsb' substituted by `hsb' on input line 1371.
Package xcolor Info: Model `tHsb' substituted by `hsb' on input line 1372.
Package xcolor Info: Model `HSB' substituted by `hsb' on input line 1373.
Package xcolor Info: Model `Gray' substituted by `gray' on input line 1374.
Package xcolor Info: Model `wave' substituted by `hsb' on input line 1375.
) (/usr/share/texlive/texmf-dist/tex/latex/float/float.sty
Package: float 2001/11/08 v1.3d Float enhancements (AL)
\c@float@type=\count275
\float@exts=\toks23
\float@box=\box52
\@float@everytoks=\toks24
\@floatcapt=\box53
) (/usr/share/texlive/texmf-dist/tex/latex/titlesec/titlesec.sty
Package: titlesec 2021/07/05 v2.14 Sectioning titles
\ttl@box=\box54
\beforetitleunit=\skip52
\aftertitleunit=\skip53
\ttl@plus=\dimen158
\ttl@minus=\dimen159
\ttl@toksa=\toks25
\titlewidth=\dimen160
\titlewidthlast=\dimen161
\titlewidthfirst=\dimen162
) (/usr/share/texlive/texmf-dist/tex/latex/caption/subcaption.sty
Package: subcaption 2020/10/07 v1.3j Sub-captions (AR)
 (/usr/share/texlive/texmf-dist/tex/latex/caption/caption.sty
Package: caption 2020/10/26 v3.5g Customizing captions (AR)
 (/usr/share/texlive/texmf-dist/tex/latex/caption/caption3.sty
Package: caption3 2020/10/21 v2.2e caption3 kernel (AR)
\captionmargin=\dimen163
\captionmargin@=\dimen164
\captionwidth=\dimen165
\caption@tempdima=\dimen166
\caption@indent=\dimen167
\caption@parindent=\dimen168
\caption@hangindent=\dimen169
Package caption Info: Standard document class detected.
)
\c@caption@flags=\count276
\c@continuedfloat=\count277
Package caption Info: float package is loaded.
)
\c@subfigure=\count278
\c@subtable=\count279
) (/usr/share/texlive/texmf-dist/tex/latex/tools/multicol.sty
Package: multicol 2021/10/28 v1.9b multicolumn formatting (FMi)
\c@tracingmulticols=\count280
\mult@box=\box55
\multicol@leftmargin=\dimen170
\c@unbalance=\count281
\c@collectmore=\count282
\doublecol@number=\count283
\multicoltolerance=\count284
\multicolpretolerance=\count285
\full@width=\dimen171
\page@free=\dimen172
\premulticols=\dimen173
\postmulticols=\dimen174
\multicolsep=\skip54
\multicolbaselineskip=\skip55
\partial@page=\box56
\last@line=\box57
\maxbalancingoverflow=\dimen175
\mult@rightbox=\box58
\mult@grightbox=\box59
\mult@firstbox=\box60
\mult@gfirstbox=\box61
\@tempa=\box62
\@tempa=\box63
\@tempa=\box64
\@tempa=\box65
\@tempa=\box66
\@tempa=\box67
\@tempa=\box68
\@tempa=\box69
\@tempa=\box70
\@tempa=\box71
\@tempa=\box72
\@tempa=\box73
\@tempa=\box74
\@tempa=\box75
\@tempa=\box76
\@tempa=\box77
\@tempa=\box78
\@tempa=\box79
\@tempa=\box80
\@tempa=\box81
\@tempa=\box82
\@tempa=\box83
\@tempa=\box84
\@tempa=\box85
\@tempa=\box86
\@tempa=\box87
\@tempa=\box88
\@tempa=\box89
\@tempa=\box90
\@tempa=\box91
\@tempa=\box92
\@tempa=\box93
\@tempa=\box94
\@tempa=\box95
\@tempa=\box96
\@tempa=\box97
\c@minrows=\count286
\c@columnbadness=\count287
\c@finalcolumnbadness=\count288
\last@try=\dimen176
\multicolovershoot=\dimen177
\multicolundershoot=\dimen178
\mult@nat@firstbox=\box98
\colbreak@box=\box99
\mc@col@check@num=\count289
) (/usr/share/texlive/texmf-dist/tex/latex/enumitem/enumitem.sty
Package: enumitem 2019/06/20 v3.9 Customized lists
\labelindent=\skip56
\enit@outerparindent=\dimen179
\enit@toks=\toks26
\enit@inbox=\box100
\enit@count@id=\count290
\enitdp@description=\count291
) (/usr/share/texlive/texmf-dist/tex/generic/babel/babel.sty
Package: babel 2022/01/26 3.70 The Babel package
\babel@savecnt=\count292
\U@D=\dimen180
\l@unhyphenated=\language87
 (/usr/share/texlive/texmf-dist/tex/generic/babel/txtbabel.def)
\bbl@readstream=\read2
\bbl@dirlevel=\count293
 (/usr/share/texlive/texmf-dist/tex/generic/babel-italian/italian.ldf
Language: italian 2020/05/21 v.1.4.04 Italian support for the babel system
\it@lettering=\count294
\it@doublequoteactive=\count295
\it@ISOcompliance=\count296
)) (/usr/share/texlive/texmf-dist/tex/latex/etoolbox/etoolbox.sty
Package: etoolbox 2020/10/05 v2.5k e-TeX tools for LaTeX (JAW)
\etb@tempcnta=\count297
) (/usr/share/texlive/texmf-dist/tex/latex/l3backend/l3backend-pdftex.def
File: l3backend-pdftex.def 2022-01-12 L3 backend support: PDF output (pdfTeX)
\l__color_backend_stack_int=\count298
\l__pdf_internal_box=\box101
) (./main.aux)
\openout1 = `main.aux'.

LaTeX Font Info:    Checking defaults for OML/cmm/m/it on input line 29.
LaTeX Font Info:    ... okay on input line 29.
LaTeX Font Info:    Checking defaults for OMS/cmsy/m/n on input line 29.
LaTeX Font Info:    ... okay on input line 29.
LaTeX Font Info:    Checking defaults for OT1/cmr/m/n on input line 29.
LaTeX Font Info:    ... okay on input line 29.
LaTeX Font Info:    Checking defaults for T1/cmr/m/n on input line 29.
LaTeX Font Info:    ... okay on input line 29.
LaTeX Font Info:    Checking defaults for TS1/cmr/m/n on input line 29.
LaTeX Font Info:    ... okay on input line 29.
LaTeX Font Info:    Checking defaults for OMX/cmex/m/n on input line 29.
LaTeX Font Info:    ... okay on input line 29.
LaTeX Font Info:    Checking defaults for U/cmr/m/n on input line 29.
LaTeX Font Info:    ... okay on input line 29.

*geometry* driver: auto-detecting
*geometry* detected driver: pdftex
*geometry* verbose mode - [ preamble ] result:
* driver: pdftex
* paper: a4paper
* layout: <same size as paper>
* layoutoffset:(h,v)=(0.0pt,0.0pt)
* modes: twoside 
* h-part:(L,W,R)=(68.28659pt, 426.79134pt, 102.42995pt)
* v-part:(T,H,B)=(71.13188pt, 702.78308pt, 71.13188pt)
* \paperwidth=597.50787pt
* \paperheight=845.04684pt
* \textwidth=426.79134pt
* \textheight=702.78308pt
* \oddsidemargin=-3.9834pt
* \evensidemargin=30.15996pt
* \topmargin=-33.0119pt
* \headheight=12.0pt
* \headsep=19.8738pt
* \topskip=12.0pt
* \footskip=30.0pt
* \marginparwidth=98.0pt
* \marginparsep=7.0pt
* \columnsep=10.0pt
* \skip\footins=10.8pt plus 4.0pt minus 2.0pt
* \hoffset=0.0pt
* \voffset=0.0pt
* \mag=1000
* \@twocolumnfalse
* \@twosidetrue
* \@mparswitchtrue
* \@reversemarginfalse
* (1in=72.27pt=25.4mm, 1cm=28.453pt)

(/usr/share/texlive/texmf-dist/tex/context/base/mkii/supp-pdf.mkii
[Loading MPS to PDF converter (version 2006.09.02).]
\scratchcounter=\count299
\scratchdimen=\dimen181
\scratchbox=\box102
\nofMPsegments=\count300
\nofMParguments=\count301
\everyMPshowfont=\toks27
\MPscratchCnt=\count302
\MPscratchDim=\dimen182
\MPnumerator=\count303
\makeMPintoPDFobject=\count304
\everyMPtoPDFconversion=\toks28
) (/usr/share/texlive/texmf-dist/tex/latex/epstopdf-pkg/epstopdf-base.sty
Package: epstopdf-base 2020-01-24 v2.11 Base part for package epstopdf
Package epstopdf-base Info: Redefining graphics rule for `.eps' on input line 485.
 (/usr/share/texlive/texmf-dist/tex/latex/latexconfig/epstopdf-sys.cfg
File: epstopdf-sys.cfg 2010/07/13 v1.3 Configuration of (r)epstopdf for TeX Live
))
Package caption Info: Begin \AtBeginDocument code.
Package caption Info: End \AtBeginDocument code.
LaTeX Info: Redefining \it@ocap on input line 29.
LaTeX Info: Redefining \it@ccap on input line 29.


File italian.ldf warning: 
italian.ldf    With OT1 encoding guillemets are poorly faked
italian.ldf    Use T1 encoding
italian.ldf    or specify a font with command \CaporaliFrom
italian.ldf    See the documentation concerning the babel-italian typesetting 
italian.ldf    on input line 29.

(./chapters/automi_riconoscitori/automi_riconoscitori.tex
Capitolo 1.
</home/riccardoob/appunti/linguaggi/images/0.png, id=1, 519.9425pt x 318.18875pt>
File: /home/riccardoob/appunti/linguaggi/images/0.png Graphic file (type png)
<use /home/riccardoob/appunti/linguaggi/images/0.png>
Package pdftex.def Info: /home/riccardoob/appunti/linguaggi/images/0.png  used on input line 7.
(pdftex.def)             Requested size: 341.43436pt x 208.94678pt.
[1


{/var/lib/texmf/fonts/map/pdftex/updmap/pdftex.map} </home/riccardoob/appunti/linguaggi/images/0.png>]
</home/riccardoob/appunti/linguaggi/images/1.png, id=10, 316.18124pt x 393.47pt>
File: /home/riccardoob/appunti/linguaggi/images/1.png Graphic file (type png)
<use /home/riccardoob/appunti/linguaggi/images/1.png>
Package pdftex.def Info: /home/riccardoob/appunti/linguaggi/images/1.png  used on input line 101.
(pdftex.def)             Requested size: 85.35695pt x 106.22029pt.
</home/riccardoob/appunti/linguaggi/images/2.png, id=11, 447.6725pt x 100.375pt>
File: /home/riccardoob/appunti/linguaggi/images/2.png Graphic file (type png)
<use /home/riccardoob/appunti/linguaggi/images/2.png>
Package pdftex.def Info: /home/riccardoob/appunti/linguaggi/images/2.png  used on input line 106.
(pdftex.def)             Requested size: 85.35695pt x 19.1373pt.
 [2]
Underfull \hbox (badness 10000) in paragraph at lines 110--113

 []


Underfull \hbox (badness 10000) in paragraph at lines 131--134

 []


Underfull \hbox (badness 10000) in paragraph at lines 136--137
[]\OT1/cmr/m/n/12 ha tan-ti \OT1/cmr/bx/n/12 sta-ti \OT1/cmr/m/n/12 quan-ti i
 []

</home/riccardoob/appunti/linguaggi/images/3.png, id=18, 513.92pt x 443.6575pt>
File: /home/riccardoob/appunti/linguaggi/images/3.png Graphic file (type png)
<use /home/riccardoob/appunti/linguaggi/images/3.png>
Package pdftex.def Info: /home/riccardoob/appunti/linguaggi/images/3.png  used on input line 150.
(pdftex.def)             Requested size: 83.35698pt x 71.9547pt.

Underfull \hbox (badness 10000) in paragraph at lines 158--159
[]\OT1/cmr/m/n/12 ha tan-ti \OT1/cmr/bx/n/12 sta-ti \OT1/cmr/m/n/12 quan-ti i
 []

[3 </home/riccardoob/appunti/linguaggi/images/1.png> </home/riccardoob/appunti/linguaggi/images/2.png> </home/riccardoob/appunti/linguaggi/images/3.png>]
File: /home/riccardoob/appunti/linguaggi/images/3.png Graphic file (type png)
<use /home/riccardoob/appunti/linguaggi/images/3.png>
Package pdftex.def Info: /home/riccardoob/appunti/linguaggi/images/3.png  used on input line 172.
(pdftex.def)             Requested size: 83.35698pt x 71.9547pt.

Underfull \hbox (badness 10000) in paragraph at lines 177--180

 []

</home/riccardoob/appunti/linguaggi/images/6.png, id=23, 274.02374pt x 113.42375pt>
File: /home/riccardoob/appunti/linguaggi/images/6.png Graphic file (type png)
<use /home/riccardoob/appunti/linguaggi/images/6.png>
Package pdftex.def Info: /home/riccardoob/appunti/linguaggi/images/6.png  used on input line 188.
(pdftex.def)             Requested size: 104.19783pt x 43.12915pt.
</home/riccardoob/appunti/linguaggi/images/4.png, id=24, 179.67125pt x 74.2775pt>
File: /home/riccardoob/appunti/linguaggi/images/4.png Graphic file (type png)
<use /home/riccardoob/appunti/linguaggi/images/4.png>
Package pdftex.def Info: /home/riccardoob/appunti/linguaggi/images/4.png  used on input line 200.
(pdftex.def)             Requested size: 104.19783pt x 43.07758pt.
</home/riccardoob/appunti/linguaggi/images/5.png, id=25, 181.67876pt x 71.26625pt>
File: /home/riccardoob/appunti/linguaggi/images/5.png Graphic file (type png)
<use /home/riccardoob/appunti/linguaggi/images/5.png>
Package pdftex.def Info: /home/riccardoob/appunti/linguaggi/images/5.png  used on input line 211.
(pdftex.def)             Requested size: 104.19783pt x 40.87445pt.
</home/riccardoob/appunti/linguaggi/images/7.png, id=26, 476.78125pt x 318.18875pt>
File: /home/riccardoob/appunti/linguaggi/images/7.png Graphic file (type png)
<use /home/riccardoob/appunti/linguaggi/images/7.png>
Package pdftex.def Info: /home/riccardoob/appunti/linguaggi/images/7.png  used on input line 219.
(pdftex.def)             Requested size: 170.71393pt x 113.93124pt.
[4 </home/riccardoob/appunti/linguaggi/images/6.png> </home/riccardoob/appunti/linguaggi/images/4.png> </home/riccardoob/appunti/linguaggi/images/5.png> </home/riccardoob/appunti/linguaggi/images/7.png>]
</home/riccardoob/appunti/linguaggi/images/8.png, id=30, 454.69875pt x 159.59625pt>
File: /home/riccardoob/appunti/linguaggi/images/8.png Graphic file (type png)
<use /home/riccardoob/appunti/linguaggi/images/8.png>
Package pdftex.def Info: /home/riccardoob/appunti/linguaggi/images/8.png  used on input line 259.
(pdftex.def)             Requested size: 145.87631pt x 51.2009pt.
</home/riccardoob/appunti/linguaggi/images/9.png, id=31, 454.69875pt x 160.6pt>
File: /home/riccardoob/appunti/linguaggi/images/9.png Graphic file (type png)
<use /home/riccardoob/appunti/linguaggi/images/9.png>
Package pdftex.def Info: /home/riccardoob/appunti/linguaggi/images/9.png  used on input line 271.
(pdftex.def)             Requested size: 145.87631pt x 51.52292pt.
</home/riccardoob/appunti/linguaggi/images/10.png, id=32, 539.01375pt x 359.3425pt>
File: /home/riccardoob/appunti/linguaggi/images/10.png Graphic file (type png)
<use /home/riccardoob/appunti/linguaggi/images/10.png>
Package pdftex.def Info: /home/riccardoob/appunti/linguaggi/images/10.png  used on input line 278.
(pdftex.def)             Requested size: 170.71393pt x 113.80759pt.

Underfull \hbox (badness 10000) in paragraph at lines 275--279

 []

</home/riccardoob/appunti/linguaggi/images/11.png, id=33, 422.57875pt x 173.64874pt>
File: /home/riccardoob/appunti/linguaggi/images/11.png Graphic file (type png)
<use /home/riccardoob/appunti/linguaggi/images/11.png>
Package pdftex.def Info: /home/riccardoob/appunti/linguaggi/images/11.png  used on input line 313.
(pdftex.def)             Requested size: 149.3763pt x 61.38474pt.
</home/riccardoob/appunti/linguaggi/images/12.png, id=34, 422.57875pt x 173.64874pt>
File: /home/riccardoob/appunti/linguaggi/images/12.png Graphic file (type png)
<use /home/riccardoob/appunti/linguaggi/images/12.png>
Package pdftex.def Info: /home/riccardoob/appunti/linguaggi/images/12.png  used on input line 317.
(pdftex.def)             Requested size: 149.3763pt x 61.38474pt.
) (./chapters/riconoscitori_pda/riconoscitori_pda.tex [5 </home/riccardoob/appunti/linguaggi/images/8.png> </home/riccardoob/appunti/linguaggi/images/9.png> </home/riccardoob/appunti/linguaggi/images/10.png> </home/riccardoob/appunti/linguaggi/images/11.png> </home/riccardoob/appunti/linguaggi/images/12.png>] [6

]
Capitolo 2.
</home/riccardoob/appunti/linguaggi/images/13.png, id=43, 378.41376pt x 449.68pt>
File: /home/riccardoob/appunti/linguaggi/images/13.png Graphic file (type png)
<use /home/riccardoob/appunti/linguaggi/images/13.png>
Package pdftex.def Info: /home/riccardoob/appunti/linguaggi/images/13.png  used on input line 35.
(pdftex.def)             Requested size: 170.71393pt x 202.86188pt.

Underfull \vbox (badness 10000) has occurred while \output is active []

 [7]
</home/riccardoob/appunti/linguaggi/images/14.png, id=48, 349.305pt x 308.15125pt>
File: /home/riccardoob/appunti/linguaggi/images/14.png Graphic file (type png)
<use /home/riccardoob/appunti/linguaggi/images/14.png>
Package pdftex.def Info: /home/riccardoob/appunti/linguaggi/images/14.png  used on input line 74.
(pdftex.def)             Requested size: 213.39566pt x 188.25409pt.
 [8 </home/riccardoob/appunti/linguaggi/images/13.png>] [9 </home/riccardoob/appunti/linguaggi/images/14.png>]
Overfull \hbox (8.67252pt too wide) in paragraph at lines 132--133
\OT1/cmr/m/n/12 Con l'\OT1/cmr/bx/n/12 analisi ri-cor-si-va di-scen-den-te \OT1/cmr/m/n/12 si in-tro-du-ce $[]$
 []

[10]
Overfull \hbox (55.48236pt too wide) in paragraph at lines 161--162
[]$[]$ 
 []


Overfull \hbox (54.16115pt too wide) in paragraph at lines 166--167
[][]\OT1/cmr/m/n/12 E pos-si-bi-le se-pa-ra-re il \OT1/cmr/bx/n/12 mo-to-re\OT1/cmr/m/n/12 , in-va-rian-te ri-spet-to al-le re-go-le, dal-le $[]$;
 []

</home/riccardoob/appunti/linguaggi/images/15.png, id=62, 651.43375pt x 91.34125pt>
File: /home/riccardoob/appunti/linguaggi/images/15.png Graphic file (type png)
<use /home/riccardoob/appunti/linguaggi/images/15.png>
Package pdftex.def Info: /home/riccardoob/appunti/linguaggi/images/15.png  used on input line 176.
(pdftex.def)             Requested size: 341.43436pt x 47.87541pt.
</home/riccardoob/appunti/linguaggi/images/16.png, id=63, 834.11626pt x 143.53625pt>
File: /home/riccardoob/appunti/linguaggi/images/16.png Graphic file (type png)
<use /home/riccardoob/appunti/linguaggi/images/16.png>
Package pdftex.def Info: /home/riccardoob/appunti/linguaggi/images/16.png  used on input line 185.
(pdftex.def)             Requested size: 341.43436pt x 58.75606pt.
[11 </home/riccardoob/appunti/linguaggi/images/15.png> </home/riccardoob/appunti/linguaggi/images/16.png>]
</home/riccardoob/appunti/linguaggi/images/17.png, id=67, 811.03pt x 177.66376pt>
File: /home/riccardoob/appunti/linguaggi/images/17.png Graphic file (type png)
<use /home/riccardoob/appunti/linguaggi/images/17.png>
Package pdftex.def Info: /home/riccardoob/appunti/linguaggi/images/17.png  used on input line 237.
(pdftex.def)             Requested size: 341.43436pt x 74.79446pt.
LaTeX Font Info:    Trying to load font information for TS1+cmtt on input line 240.
 (/usr/share/texlive/texmf-dist/tex/latex/base/ts1cmtt.fd
File: ts1cmtt.fd 2019/12/16 v2.5j Standard LaTeX font definitions
) [12 </home/riccardoob/appunti/linguaggi/images/17.png>]
Overfull \hbox (249.80432pt too wide) in paragraph at lines 264--265
[]$[]$ 
 []


Overfull \hbox (11.92773pt too wide) in paragraph at lines 271--272
[]\OT1/cmr/m/n/12 ampliare la no-zio-ne di star-te sym-bols set con i $[]$ set (o $[]$
 []


Overfull \hbox (102.19772pt too wide) in paragraph at lines 274--275
[]$[]$ 
 []

) [13] (./main.aux) ) 
Here is how much of TeX's memory you used:
 6725 strings out of 478287
 112721 string characters out of 5849288
 444623 words of memory out of 5000000
 24845 multiletter control sequences out of 15000+600000
 478836 words of font info for 62 fonts, out of 8000000 for 9000
 1141 hyphenation exceptions out of 8191
 67i,11n,77p,536b,457s stack positions out of 5000i,500n,10000p,200000b,80000s
{/usr/share/texmf/fonts/enc/dvips/cm-super/cm-super-ts1.enc}</usr/share/texlive/texmf-dist/fonts/type1/public/amsfonts/cm/cmbx12.pfb></usr/share/texlive/texmf-dist/fonts/type1/public/amsfonts/cmextra/cmex8.pfb></usr/share/texlive/texmf-dist/fonts/type1/public/amsfonts/cm/cmmi12.pfb></usr/share/texlive/texmf-dist/fonts/type1/public/amsfonts/cm/cmmi8.pfb></usr/share/texlive/texmf-dist/fonts/type1/public/amsfonts/cm/cmr10.pfb></usr/share/texlive/texmf-dist/fonts/type1/public/amsfonts/cm/cmr12.pfb></usr/share/texlive/texmf-dist/fonts/type1/public/amsfonts/cm/cmr17.pfb></usr/share/texlive/texmf-dist/fonts/type1/public/amsfonts/cm/cmr8.pfb></usr/share/texlive/texmf-dist/fonts/type1/public/amsfonts/cm/cmsl12.pfb></usr/share/texlive/texmf-dist/fonts/type1/public/amsfonts/cm/cmsy10.pfb></usr/share/texlive/texmf-dist/fonts/type1/public/amsfonts/cm/cmsy8.pfb></usr/share/texlive/texmf-dist/fonts/type1/public/amsfonts/cm/cmti12.pfb></usr/share/texlive/texmf-dist/fonts/type1/public/amsfonts/cm/cmtt12.pfb></usr/share/texmf/fonts/type1/public/cm-super/sfrm1200.pfb></usr/share/texmf/fonts/type1/public/cm-super/sftt1200.pfb>
Output written on main.pdf (13 pages, 438257 bytes).
PDF statistics:
 141 PDF objects out of 1000 (max. 8388607)
 77 compressed objects within 1 object stream
 0 named destinations out of 1000 (max. 500000)
 91 words of extra memory for PDF output out of 10000 (max. 10000000)

