\BOOKMARK [0][-]{chapter.1}{\376\377\000I\000n\000t\000r\000o\000d\000u\000z\000i\000o\000n\000e\000\040\000a\000l\000\040\000c\000a\000l\000c\000o\000l\000o\000\040\000p\000a\000r\000a\000l\000l\000e\000l\000o}{}% 1
\BOOKMARK [1][-]{section.1.1}{\376\377\000D\000i\000p\000e\000n\000d\000e\000n\000z\000a\000\040\000d\000e\000i\000\040\000d\000a\000t\000i\000\040\000e\000\040\000c\000o\000r\000s\000a\000\040\000s\000u\000i\000\040\000d\000a\000t\000i}{chapter.1}% 2
\BOOKMARK [2][-]{subsection.1.1.1}{\376\377\000S\000o\000l\000u\000z\000i\000o\000n\000i}{section.1.1}% 3
\BOOKMARK [1][-]{section.1.2}{\376\377\000S\000t\000r\000a\000t\000e\000g\000i\000e\000\040\000d\000i\000\040\000d\000e\000s\000i\000g\000n\000\040\000h\000a\000r\000d\000w\000a\000r\000e}{chapter.1}% 4
\BOOKMARK [2][-]{subsection.1.2.1}{\376\377\000A\000u\000m\000e\000n\000a\000r\000e\000\040\000l\000a\000\040\000f\000r\000e\000q\000u\000e\000n\000z\000a}{section.1.2}% 5
\BOOKMARK [2][-]{subsection.1.2.2}{\376\377\000P\000i\000p\000e\000l\000i\000n\000i\000n\000g}{section.1.2}% 6
\BOOKMARK [2][-]{subsection.1.2.3}{\376\377\000O\000p\000e\000r\000a\000z\000i\000o\000n\000i\000\040\000m\000u\000l\000t\000i\000p\000l\000e\000\040\000i\000n\000\040\000u\000n\000a\000\040\000s\000i\000n\000g\000o\000l\000a\000\040\000i\000s\000t\000r\000u\000z\000i\000o\000n\000e}{section.1.2}% 7
\BOOKMARK [2][-]{subsection.1.2.4}{\376\377\000A\000u\000m\000e\000n\000t\000a\000r\000e\000\040\000i\000l\000\040\000n\000u\000m\000e\000r\000o\000\040\000d\000i\000\040\000c\000o\000r\000e}{section.1.2}% 8
\BOOKMARK [1][-]{section.1.3}{\376\377\000S\000t\000r\000a\000t\000e\000g\000i\000e\000\040\000d\000i\000\040\000d\000e\000s\000i\000g\000n\000\040\000s\000o\000f\000t\000w\000a\000r\000e}{chapter.1}% 9
\BOOKMARK [2][-]{subsection.1.3.1}{\376\377\000I\000s\000t\000r\000u\000z\000i\000o\000n\000i\000\040\000S\000I\000M\000D}{section.1.3}% 10
\BOOKMARK [2][-]{subsection.1.3.2}{\376\377\000S\000f\000r\000u\000t\000t\000a\000r\000e\000\040\000c\000o\000r\000e\000\040\000m\000u\000l\000t\000i\000p\000l\000i}{section.1.3}% 11
\BOOKMARK [0][-]{chapter.2}{\376\377\000F\000i\000e\000l\000d\000\040\000P\000r\000o\000g\000r\000a\000m\000m\000a\000b\000l\000e\000\040\000G\000a\000t\000e\000\040\000A\000r\000r\000a\000y}{}% 12
\BOOKMARK [1][-]{section.2.1}{\376\377\000I\000n\000t\000r\000o\000d\000u\000z\000i\000o\000n\000e}{chapter.2}% 13
\BOOKMARK [1][-]{section.2.2}{\376\377\000A\000r\000c\000h\000i\000t\000e\000t\000t\000u\000r\000a\000\040\000F\000P\000G\000A}{chapter.2}% 14
\BOOKMARK [2][-]{subsection.2.2.1}{\376\377\000C\000l\000o\000c\000k}{section.2.2}% 15
\BOOKMARK [2][-]{subsection.2.2.2}{\376\377\000I\000P\000-\000c\000o\000r\000e}{section.2.2}% 16
\BOOKMARK [2][-]{subsection.2.2.3}{\376\377\000F\000r\000e\000q\000u\000e\000n\000z\000a\000\040\000e\000\040\000p\000e\000r\000f\000o\000r\000m\000a\000n\000c\000e}{section.2.2}% 17
\BOOKMARK [0][-]{chapter.3}{\376\377\000P\000r\000o\000t\000o\000c\000o\000l\000l\000i\000\040\000b\000u\000s}{}% 18
\BOOKMARK [1][-]{section.3.1}{\376\377\000P\000r\000o\000t\000o\000c\000o\000l\000l\000i\000\040\000d\000i\000\040\000c\000o\000m\000u\000n\000i\000c\000a\000z\000i\000o\000n\000e}{chapter.3}% 19
\BOOKMARK [2][-]{subsection.3.1.1}{\376\377\000P\000r\000o\000t\000o\000c\000o\000l\000l\000o\000\040\000I\0002\000C\000\040\000\050\000I\0002\000C\000\051}{section.3.1}% 20
\BOOKMARK [2][-]{subsection.3.1.2}{\376\377\000P\000r\000o\000t\000o\000c\000o\000l\000l\000i\000\040\000o\000n\000-\000c\000h\000i\000p\000\040\000s\000u\000\040\000Z\000y\000n\000q}{section.3.1}% 21
\BOOKMARK [0][-]{chapter.4}{\376\377\000I\000n\000t\000r\000o\000d\000u\000z\000i\000o\000n\000e\000\040\000a\000\040\000P\000Y\000N\000Q\000\040\000b\000o\000a\000r\000d}{}% 22
\BOOKMARK [1][-]{section.4.1}{\376\377\000O\000v\000e\000r\000l\000a\000y}{chapter.4}% 23
\BOOKMARK [1][-]{section.4.2}{\376\377\000P\000Y\000N\000Q\000\040\000H\000e\000l\000l\000o\000\040\000L\000E\000D}{chapter.4}% 24
\BOOKMARK [1][-]{section.4.3}{\376\377\000H\000D\000M\000I\000\040\000S\000t\000r\000e\000a\000m}{chapter.4}% 25
