\BOOKMARK [0][-]{chapter.1}{\376\377\000x\000e\000n}{}% 1
\BOOKMARK [1][-]{section.1.1}{\376\377\000C\000a\000r\000a\000t\000t\000e\000r\000i\000s\000t\000i\000c\000h\000e}{chapter.1}% 2
\BOOKMARK [1][-]{section.1.2}{\376\377\000G\000e\000s\000t\000i\000o\000n\000e\000\040\000m\000e\000m\000o\000r\000i\000a\000\040\000e\000\040\000p\000a\000g\000i\000n\000a\000z\000i\000o\000n\000e}{chapter.1}% 3
\BOOKMARK [1][-]{section.1.3}{\376\377\000V\000i\000r\000t\000u\000a\000l\000i\000z\000z\000a\000z\000i\000o\000n\000e\000\040\000d\000e\000l\000l\000a\000\040\000C\000P\000U}{chapter.1}% 4
\BOOKMARK [1][-]{section.1.4}{\376\377\000G\000e\000s\000t\000i\000o\000n\000e\000\040\000i\000n\000t\000e\000r\000r\000u\000z\000i\000o\000n\000i\000\040\000e\000\040\000e\000c\000c\000e\000z\000i\000o\000n\000i}{chapter.1}% 5
\BOOKMARK [1][-]{section.1.5}{\376\377\000L\000i\000v\000e\000\040\000m\000i\000g\000r\000a\000t\000i\000o\000n\000\040\000i\000n\000\040\000x\000e\000n}{chapter.1}% 6
\BOOKMARK [0][-]{chapter.2}{\376\377\000P\000r\000o\000t\000e\000z\000i\000o\000n\000e}{}% 7
\BOOKMARK [1][-]{section.2.1}{\376\377\000P\000r\000o\000t\000e\000z\000i\000o\000n\000e}{chapter.2}% 8
\BOOKMARK [2][-]{subsection.2.1.1}{\376\377\000M\000o\000d\000e\000l\000l\000i}{section.2.1}% 9
\BOOKMARK [2][-]{subsection.2.1.2}{\376\377\000P\000o\000l\000i\000t\000i\000c\000h\000e}{section.2.1}% 10
\BOOKMARK [2][-]{subsection.2.1.3}{\376\377\000M\000e\000c\000c\000a\000n\000i\000s\000m\000i}{section.2.1}% 11
\BOOKMARK [2][-]{subsection.2.1.4}{\376\377\000D\000o\000m\000i\000n\000i\000o\000\040\000d\000i\000\040\000p\000r\000o\000t\000e\000z\000i\000o\000n\000e}{section.2.1}% 12
\BOOKMARK [2][-]{subsection.2.1.5}{\376\377\000M\000o\000d\000e\000l\000l\000o\000\040\000d\000i\000\040\000G\000r\000a\000h\000a\000m\000-\000D\000e\000n\000n\000i\000n\000g}{section.2.1}% 13
\BOOKMARK [2][-]{subsection.2.1.6}{\376\377\000R\000e\000a\000l\000i\000z\000z\000a\000z\000i\000o\000n\000e\000\040\000d\000e\000l\000l\000a\000\040\000m\000a\000t\000r\000i\000c\000e\000\040\000d\000e\000g\000l\000i\000\040\000a\000c\000c\000e\000s\000s\000i}{section.2.1}% 14
\BOOKMARK [1][-]{section.2.2}{\376\377\000S\000i\000c\000u\000r\000e\000z\000z\000a}{chapter.2}% 15
\BOOKMARK [2][-]{subsection.2.2.1}{\376\377\000S\000i\000c\000u\000r\000e\000z\000z\000a\000\040\000m\000u\000l\000t\000i\000l\000i\000v\000e\000l\000l\000o}{section.2.2}% 16
\BOOKMARK [2][-]{subsection.2.2.2}{\376\377\000M\000o\000d\000e\000l\000l\000i\000\040\000d\000i\000\040\000s\000i\000c\000u\000r\000e\000z\000z\000a\000\040\000m\000u\000l\000t\000i\000l\000i\000v\000e\000l\000l\000o}{section.2.2}% 17
\BOOKMARK [2][-]{subsection.2.2.3}{\376\377\000M\000o\000d\000e\000l\000l\000o\000\040\000B\000e\000l\000l\000-\000L\000a\000\040\000P\000a\000d\000u\000l\000a}{section.2.2}% 18
\BOOKMARK [2][-]{subsection.2.2.4}{\376\377\000M\000o\000d\000e\000l\000l\000o\000\040\000B\000i\000b\000a}{section.2.2}% 19
\BOOKMARK [2][-]{subsection.2.2.5}{\376\377\000A\000r\000c\000h\000i\000t\000e\000t\000t\000u\000r\000a\000\040\000d\000e\000i\000\040\000s\000i\000s\000t\000e\000m\000i\000\040\000a\000d\000\040\000e\000l\000e\000v\000a\000t\000a\000\040\000s\000i\000c\000u\000r\000e\000z\000z\000a}{section.2.2}% 20
\BOOKMARK [2][-]{subsection.2.2.6}{\376\377\000S\000i\000s\000t\000e\000m\000i\000\040\000f\000i\000d\000a\000t\000i}{section.2.2}% 21
\BOOKMARK [0][-]{chapter.3}{\376\377\000P\000r\000o\000g\000r\000a\000m\000m\000a\000z\000i\000o\000n\000e\000\040\000c\000o\000n\000c\000o\000r\000r\000e\000n\000t\000e}{}% 22
\BOOKMARK [1][-]{section.3.1}{\376\377\000T\000i\000p\000i\000\040\000d\000i\000\040\000a\000r\000c\000h\000i\000t\000e\000t\000t\000u\000r\000a}{chapter.3}% 23
\BOOKMARK [2][-]{subsection.3.1.1}{\376\377\000S\000i\000s\000t\000e\000m\000i\000\040\000m\000u\000l\000t\000i\000p\000r\000o\000c\000e\000s\000s\000o\000r\000e}{section.3.1}% 24
\BOOKMARK [2][-]{subsection.3.1.2}{\376\377\000D\000i\000s\000t\000r\000i\000b\000u\000t\000e\000d\000\040\000m\000e\000m\000o\000r\000y}{section.3.1}% 25
\BOOKMARK [2][-]{subsection.3.1.3}{\376\377\000C\000l\000a\000s\000s\000i\000f\000i\000c\000a\000z\000i\000o\000n\000e\000\040\000d\000i\000\040\000F\000l\000y\000n\000n}{section.3.1}% 26
\BOOKMARK [1][-]{section.3.2}{\376\377\000A\000p\000p\000l\000i\000c\000a\000z\000i\000o\000n\000i}{chapter.3}% 27
\BOOKMARK [1][-]{section.3.3}{\376\377\000P\000r\000o\000c\000e\000s\000s\000i\000\040\000n\000o\000n\000\040\000s\000e\000q\000u\000e\000n\000z\000i\000a\000l\000i\000\040\000e\000\040\000t\000i\000p\000i\000\040\000d\000i\000\040\000i\000n\000t\000e\000r\000a\000z\000i\000o\000n\000e}{chapter.3}% 28
\BOOKMARK [2][-]{subsection.3.3.1}{\376\377\000P\000r\000o\000c\000e\000s\000s\000o\000\040\000s\000e\000q\000u\000e\000n\000z\000i\000a\000l\000e}{section.3.3}% 29
\BOOKMARK [2][-]{subsection.3.3.2}{\376\377\000P\000r\000o\000c\000e\000s\000s\000o\000\040\000n\000o\000n\000\040\000s\000e\000q\000u\000e\000n\000z\000i\000a\000l\000e}{section.3.3}% 30
\BOOKMARK [1][-]{section.3.4}{\376\377\000P\000r\000o\000p\000r\000i\000e\000t\000\340\000\040\000d\000e\000i\000\040\000p\000r\000o\000g\000r\000a\000m\000m\000i}{chapter.3}% 31
\BOOKMARK [2][-]{subsection.3.4.1}{\376\377\000P\000r\000o\000p\000r\000i\000e\000t\000\340\000\040\000d\000e\000i\000\040\000p\000r\000o\000g\000r\000a\000m\000m\000i}{section.3.4}% 32
\BOOKMARK [0][-]{chapter.4}{\376\377\000M\000o\000d\000e\000l\000l\000o\000\040\000a\000\040\000m\000e\000m\000o\000r\000i\000a\000\040\000c\000o\000m\000u\000n\000e}{}% 33
\BOOKMARK [1][-]{section.4.1}{\376\377\000G\000e\000s\000t\000o\000r\000e\000\040\000d\000i\000\040\000u\000n\000a\000\040\000r\000i\000s\000o\000r\000s\000a}{chapter.4}% 34
\BOOKMARK [2][-]{subsection.4.1.1}{\376\377\000C\000o\000m\000p\000i\000t\000i\000\040\000d\000e\000l\000\040\000g\000e\000s\000t\000o\000r\000e\000\040\000d\000i\000\040\000u\000n\000a\000\040\000r\000i\000s\000o\000r\000s\000a}{section.4.1}% 35
\BOOKMARK [2][-]{subsection.4.1.2}{\376\377\000A\000c\000c\000e\000s\000s\000o\000\040\000a\000\040\000r\000i\000s\000o\000r\000s\000e}{section.4.1}% 36
\BOOKMARK [2][-]{subsection.4.1.3}{\376\377\000S\000p\000e\000c\000i\000f\000i\000c\000a\000\040\000d\000e\000l\000l\000a\000\040\000s\000i\000n\000c\000r\000o\000n\000i\000z\000z\000a\000z\000i\000o\000n\000e}{section.4.1}% 37
\BOOKMARK [2][-]{subsection.4.1.4}{\376\377\000C\000a\000s\000i\000\040\000p\000a\000r\000t\000i\000c\000o\000l\000a\000r\000i}{section.4.1}% 38
\BOOKMARK [1][-]{section.4.2}{\376\377\000I\000l\000\040\000p\000r\000o\000b\000l\000e\000m\000a\000\040\000d\000e\000l\000l\000a\000\040\000m\000u\000t\000u\000a\000\040\000e\000s\000c\000l\000u\000s\000i\000o\000n\000e}{chapter.4}% 39
\BOOKMARK [1][-]{section.4.3}{\376\377\000S\000t\000r\000u\000m\000e\000n\000t\000i\000\040\000l\000i\000n\000g\000u\000i\000s\000t\000i\000c\000i\000\040\000p\000e\000r\000\040\000l\000a\000\040\000p\000r\000o\000g\000r\000a\000m\000m\000a\000z\000i\000o\000n\000e\000\040\000d\000i\000\040\000i\000n\000t\000e\000r\000a\000z\000i\000o\000n\000i}{chapter.4}% 40
\BOOKMARK [2][-]{subsection.4.3.1}{\376\377\000S\000e\000m\000a\000f\000o\000r\000o}{section.4.3}% 41
\BOOKMARK [2][-]{subsection.4.3.2}{\376\377\000M\000u\000t\000u\000a\000\040\000e\000s\000c\000l\000u\000s\000i\000o\000n\000e\000\040\000t\000r\000a\000\040\000g\000r\000u\000p\000p\000i\000\040\000e\000\040\000p\000r\000o\000c\000e\000s\000s\000i}{section.4.3}% 42
\BOOKMARK [2][-]{subsection.4.3.3}{\376\377\000S\000e\000m\000a\000f\000o\000r\000i\000\040\000e\000v\000e\000n\000t\000o\000\040\000-\000\040\000s\000c\000a\000m\000b\000i\000o\000\040\000d\000i\000\040\000m\000e\000s\000s\000a\000g\000g\000i\000\040\000t\000e\000m\000p\000o\000r\000a\000l\000i}{section.4.3}% 43
\BOOKMARK [2][-]{subsection.4.3.4}{\376\377\000S\000e\000m\000a\000f\000o\000r\000i\000\040\000b\000i\000n\000a\000r\000i\000\040\000c\000o\000m\000p\000o\000s\000t\000i\000\040\000-\000\040\000s\000c\000a\000m\000b\000i\000o\000\040\000d\000i\000\040\000d\000a\000t\000i}{section.4.3}% 44
\BOOKMARK [2][-]{subsection.4.3.5}{\376\377\000S\000e\000m\000a\000f\000o\000r\000i\000\040\000c\000o\000n\000d\000i\000z\000i\000o\000n\000e}{section.4.3}% 45
\BOOKMARK [2][-]{subsection.4.3.6}{\376\377\000S\000e\000m\000a\000f\000o\000r\000o\000\040\000r\000i\000s\000o\000r\000s\000a}{section.4.3}% 46
\BOOKMARK [2][-]{subsection.4.3.7}{\376\377\000S\000e\000m\000a\000f\000o\000r\000i\000\040\000p\000r\000i\000v\000a\000t\000i\000\040\000-\000\040\000s\000p\000e\000c\000i\000f\000i\000c\000h\000e\000\040\000s\000t\000r\000a\000t\000e\000g\000i\000e\000\040\000d\000i\000\040\000a\000l\000l\000o\000c\000a\000z\000i\000o\000n\000e}{section.4.3}% 47
\BOOKMARK [1][-]{section.4.4}{\376\377\000R\000e\000a\000l\000i\000z\000z\000a\000z\000i\000o\000n\000e\000\040\000d\000e\000i\000\040\000s\000e\000m\000a\000f\000o\000r\000i}{chapter.4}% 48
\BOOKMARK [2][-]{subsection.4.4.1}{\376\377\000A\000r\000c\000h\000i\000t\000e\000t\000t\000u\000r\000a\000\040\000m\000o\000n\000o\000p\000r\000o\000c\000e\000s\000s\000o\000r\000e}{section.4.4}% 49
\BOOKMARK [0][-]{chapter.5}{\376\377\000I\000l\000\040\000n\000u\000c\000l\000e\000o\000\040\000d\000i\000\040\000u\000n\000\040\000s\000i\000s\000t\000e\000m\000a\000\040\000m\000u\000l\000t\000i\000p\000r\000o\000g\000r\000a\000m\000m\000a\000t\000o\000\040\000\050\000m\000o\000d\000e\000l\000l\000o\000\040\000a\000\040\000m\000e\000m\000o\000r\000i\000a\000\040\000c\000o\000m\000u\000n\000e\000\051}{}% 50
\BOOKMARK [1][-]{subsection.5.0.1}{\376\377\000N\000u\000c\000l\000e\000o\000\040\000d\000i\000\040\000u\000n\000\040\000s\000i\000s\000t\000e\000m\000a\000\040\000a\000\040\000p\000r\000o\000c\000e\000s\000s\000i}{chapter.5}% 51
\BOOKMARK [2][-]{subsection.5.0.2}{\376\377\000S\000t\000a\000t\000i\000\040\000d\000i\000\040\000u\000n\000\040\000p\000r\000o\000c\000e\000s\000s\000o}{subsection.5.0.1}% 52
\BOOKMARK [2][-]{subsection.5.0.3}{\376\377\000F\000u\000n\000z\000i\000o\000n\000i\000\040\000d\000e\000l\000\040\000n\000u\000c\000l\000e\000o}{subsection.5.0.1}% 53
\BOOKMARK [2][-]{subsection.5.0.4}{\376\377\000C\000a\000r\000a\000t\000t\000e\000r\000i\000s\000t\000i\000c\000h\000e\000\040\000d\000e\000l\000\040\000n\000u\000c\000l\000e\000o}{subsection.5.0.1}% 54
\BOOKMARK [1][-]{section.5.1}{\376\377\000R\000e\000a\000l\000i\000z\000z\000a\000z\000i\000o\000n\000e\000\040\000d\000e\000l\000\040\000n\000u\000c\000l\000e\000o\000\040\000\050\000m\000o\000n\000o\000p\000r\000o\000c\000e\000s\000s\000o\000r\000e\000\051}{chapter.5}% 55
\BOOKMARK [2][-]{subsection.5.1.1}{\376\377\000S\000t\000r\000u\000t\000t\000u\000r\000e\000\040\000d\000a\000t\000i\000\040\000d\000e\000l\000\040\000n\000u\000c\000l\000e\000o}{section.5.1}% 56
\BOOKMARK [2][-]{subsection.5.1.2}{\376\377\000F\000u\000n\000z\000i\000o\000n\000i\000\040\000d\000e\000l\000\040\000n\000u\000c\000l\000e\000o}{section.5.1}% 57
\BOOKMARK [1][-]{section.5.2}{\376\377\000R\000e\000a\000l\000i\000z\000z\000a\000z\000i\000o\000n\000e\000\040\000d\000e\000l\000\040\000s\000e\000m\000a\000f\000o\000r\000o\000\040\000\050\000m\000o\000n\000o\000p\000r\000o\000c\000e\000s\000s\000o\000r\000e\000\051}{chapter.5}% 58
\BOOKMARK [2][-]{subsection.5.2.1}{\376\377\000S\000e\000m\000a\000f\000o\000r\000i}{section.5.2}% 59
\BOOKMARK [1][-]{section.5.3}{\376\377\000R\000e\000a\000l\000i\000z\000z\000a\000z\000i\000o\000n\000e\000\040\000d\000e\000l\000\040\000n\000u\000c\000l\000e\000o\000\040\000\050\000m\000u\000l\000t\000i\000p\000r\000o\000c\000e\000s\000s\000o\000r\000e\000\051}{chapter.5}% 60
\BOOKMARK [1][-]{section.5.4}{\376\377\000M\000o\000d\000e\000l\000l\000o\000\040\000S\000M\000P\000\040\000-\000\040\000S\000y\000m\000m\000e\000t\000r\000i\000c\000\040\000M\000u\000l\000t\000i\000\040\000P\000r\000o\000c\000e\000s\000s\000i\000n\000g}{chapter.5}% 61
\BOOKMARK [2][-]{subsection.5.4.1}{\376\377\000S\000i\000n\000c\000r\000o\000n\000i\000z\000z\000a\000z\000i\000o\000n\000e\000\040\000n\000e\000l\000l\000'\000a\000c\000c\000e\000s\000s\000o\000\040\000a\000l\000\040\000n\000u\000c\000l\000e\000o}{section.5.4}% 62
\BOOKMARK [2][-]{subsection.5.4.2}{\376\377\000S\000c\000h\000e\000d\000u\000l\000i\000n\000g\000\040\000d\000e\000i\000\040\000p\000r\000o\000c\000e\000s\000s\000i}{section.5.4}% 63
\BOOKMARK [1][-]{section.5.5}{\376\377\000M\000o\000d\000e\000l\000l\000o\000\040\000a\000\040\000n\000u\000c\000l\000e\000i\000\040\000d\000i\000s\000t\000i\000n\000t\000i}{chapter.5}% 64
\BOOKMARK [2][-]{subsection.5.5.1}{\376\377\000N\000u\000c\000l\000e\000i\000\040\000d\000i\000s\000t\000i\000n\000t\000i\000\040\000v\000s\000.\000\040\000S\000M\000P}{section.5.5}% 65
\BOOKMARK [1][-]{section.5.6}{\376\377\000R\000e\000a\000l\000i\000z\000z\000a\000z\000i\000o\000n\000e\000\040\000s\000e\000m\000a\000f\000o\000r\000i}{chapter.5}% 66
\BOOKMARK [2][-]{subsection.5.6.1}{\376\377\000M\000o\000d\000e\000l\000l\000o\000\040\000S\000M\000P}{section.5.6}% 67
\BOOKMARK [2][-]{subsection.5.6.2}{\376\377\000M\000o\000d\000e\000l\000l\000o\000\040\000n\000u\000c\000l\000e\000i\000\040\000d\000i\000s\000t\000i\000n\000t\000i}{section.5.6}% 68
\BOOKMARK [2][-]{subsection.5.6.3}{\376\377\000R\000e\000a\000l\000i\000z\000z\000a\000z\000i\000o\000n\000e\000\040\000s\000e\000m\000a\000f\000o\000r\000i\000\040\000c\000o\000n\000d\000i\000v\000i\000s\000i}{section.5.6}% 69
\BOOKMARK [1][-]{section.5.7}{\376\377\000C\000o\000m\000u\000n\000i\000c\000a\000z\000i\000o\000n\000e\000\040\000t\000r\000a\000\040\000n\000u\000c\000l\000e\000i}{chapter.5}% 70
\BOOKMARK [1][-]{section.5.8}{\376\377\000I\000m\000p\000l\000e\000m\000e\000n\000t\000a\000z\000i\000o\000n\000e\000\040\000s\000e\000m\000a\000f\000o\000r\000i\000\040\000-\000\040\000n\000u\000c\000l\000e\000i\000\040\000d\000i\000s\000t\000i\000n\000t\000i}{chapter.5}% 71
\BOOKMARK [0][-]{chapter.6}{\376\377\000M\000o\000d\000e\000l\000l\000o\000\040\000a\000\040\000s\000c\000a\000m\000b\000i\000o\000\040\000d\000i\000\040\000m\000e\000s\000s\000a\000g\000g\000i}{}% 72
\BOOKMARK [1][-]{section.6.1}{\376\377\000C\000a\000r\000a\000t\000t\000e\000r\000i\000s\000t\000i\000c\000h\000e\000\040\000d\000e\000l\000\040\000m\000o\000d\000e\000l\000l\000o}{chapter.6}% 73
\BOOKMARK [1][-]{section.6.2}{\376\377\000C\000a\000n\000a\000l\000i\000\040\000d\000i\000\040\000c\000o\000m\000u\000n\000i\000c\000a\000z\000i\000o\000n\000e}{chapter.6}% 74
\BOOKMARK [2][-]{subsection.6.2.1}{\376\377\000C\000a\000r\000a\000t\000t\000e\000r\000i\000s\000t\000i\000c\000h\000e}{section.6.2}% 75
\BOOKMARK [1][-]{section.6.3}{\376\377\000T\000i\000p\000i\000\040\000d\000i\000\040\000c\000a\000n\000a\000l\000e}{chapter.6}% 76
\BOOKMARK [2][-]{subsection.6.3.1}{\376\377\000C\000o\000m\000u\000n\000i\000c\000a\000z\000i\000o\000n\000e\000\040\000a\000s\000i\000n\000c\000r\000o\000n\000a}{section.6.3}% 77
\BOOKMARK [2][-]{subsection.6.3.2}{\376\377\000C\000o\000m\000u\000n\000i\000c\000a\000z\000i\000o\000n\000e\000\040\000s\000i\000n\000c\000r\000o\000n\000a\000\040\000-\000\040\000r\000a\000n\000d\000e\000z\000-\000v\000o\000u\000s\000\040\000s\000e\000m\000p\000l\000i\000c\000e}{section.6.3}% 78
\BOOKMARK [2][-]{subsection.6.3.3}{\376\377\000C\000o\000m\000u\000n\000i\000c\000a\000z\000i\000o\000n\000e\000\040\000c\000o\000n\000\040\000s\000i\000n\000c\000r\000o\000n\000i\000z\000z\000a\000z\000i\000o\000n\000e\000\040\000e\000s\000t\000e\000s\000a\000\040\000-\000\040\000r\000a\000n\000d\000e\000z\000-\000v\000o\000u\000s\000\040\000e\000s\000t\000e\000s\000o}{section.6.3}% 79
\BOOKMARK [1][-]{section.6.4}{\376\377\000C\000o\000s\000t\000r\000u\000t\000t\000i\000\040\000l\000i\000n\000g\000u\000i\000s\000t\000i\000c\000i\000\040\000e\000\040\000p\000r\000i\000m\000i\000t\000i\000v\000e\000\040\000p\000e\000r\000\040\000e\000s\000p\000r\000i\000m\000e\000r\000e\000\040\000l\000a\000\040\000c\000o\000m\000u\000n\000i\000c\000a\000z\000i\000o\000n\000e}{chapter.6}% 80
\BOOKMARK [2][-]{subsection.6.4.1}{\376\377\000P\000r\000i\000m\000i\000t\000i\000v\000e\000\040\000d\000i\000\040\000c\000o\000m\000u\000n\000i\000c\000a\000z\000i\000o\000n\000e}{section.6.4}% 81
\BOOKMARK [2][-]{subsection.6.4.2}{\376\377\000R\000e\000c\000e\000i\000v\000e\000\040\000b\000l\000o\000c\000c\000a\000n\000t\000e\000\040\000e\000\040\000m\000o\000d\000e\000l\000l\000o\000\040\000C\000/\000S}{section.6.4}% 82
\BOOKMARK [2][-]{subsection.6.4.3}{\376\377\000C\000o\000m\000a\000n\000d\000o\000\040\000c\000o\000n\000\040\000g\000u\000a\000r\000d\000i\000a}{section.6.4}% 83
\BOOKMARK [2][-]{subsection.6.4.4}{\376\377\000C\000o\000m\000a\000n\000d\000o\000\040\000c\000o\000n\000\040\000g\000u\000a\000r\000d\000i\000a\000\040\000a\000l\000t\000e\000r\000n\000a\000t\000i\000v\000o}{section.6.4}% 84
\BOOKMARK [2][-]{subsection.6.4.5}{\376\377\000C\000o\000m\000a\000n\000d\000o\000\040\000c\000o\000n\000\040\000g\000u\000a\000r\000d\000i\000a\000\040\000r\000i\000p\000e\000t\000i\000t\000i\000v\000o}{section.6.4}% 85
\BOOKMARK [1][-]{section.6.5}{\376\377\000P\000r\000i\000m\000i\000t\000i\000v\000e\000\040\000d\000i\000\040\000c\000o\000m\000u\000n\000i\000c\000a\000z\000i\000o\000n\000e\000\040\000a\000s\000i\000n\000c\000r\000o\000n\000e}{chapter.6}% 86
\BOOKMARK [2][-]{subsection.6.5.1}{\376\377\000P\000r\000o\000b\000l\000e\000m\000i\000\040\000d\000i\000\040\000s\000i\000n\000c\000r\000o\000n\000i\000z\000z\000a\000z\000i\000o\000n\000e}{section.6.5}% 87
\BOOKMARK [1][-]{section.6.6}{\376\377\000P\000r\000i\000m\000i\000t\000i\000v\000e\000\040\000d\000i\000\040\000c\000o\000m\000u\000n\000i\000c\000a\000z\000i\000o\000n\000e\000\040\000s\000i\000n\000c\000r\000o\000n\000e}{chapter.6}% 88
\BOOKMARK [2][-]{subsection.6.6.1}{\376\377\000M\000a\000i\000l\000b\000o\000x\000\040\000d\000i\000\040\000d\000i\000m\000e\000n\000s\000i\000o\000n\000i\000\040\000f\000i\000n\000i\000t\000e\000\040\000\050\000p\000r\000o\000t\000o\000c\000o\000l\000l\000i\000\040\000s\000i\000m\000m\000e\000t\000r\000i\000c\000i\000\051}{section.6.6}% 89
\BOOKMARK [2][-]{subsection.6.6.2}{\376\377\000M\000a\000i\000l\000b\000o\000x\000\040\000d\000i\000\040\000d\000i\000m\000e\000n\000s\000i\000o\000n\000i\000\040\000f\000i\000n\000i\000t\000e}{section.6.6}% 90
\BOOKMARK [2][-]{subsection.6.6.3}{\376\377\000M\000a\000i\000l\000b\000o\000x\000\040\000c\000o\000n\000c\000o\000r\000r\000e\000n\000t\000e}{section.6.6}% 91
\BOOKMARK [1][-]{section.6.7}{\376\377\000R\000e\000a\000l\000i\000z\000z\000a\000z\000i\000o\000n\000e\000\040\000m\000e\000c\000c\000a\000n\000i\000s\000m\000i\000\040\000d\000i\000\040\000c\000o\000m\000u\000n\000i\000c\000a\000z\000i\000o\000n\000e}{chapter.6}% 92
\BOOKMARK [2][-]{subsection.6.7.1}{\376\377\000R\000e\000a\000l\000i\000z\000z\000a\000z\000i\000o\000n\000e\000\040\000d\000e\000l\000l\000e\000\040\000p\000r\000i\000m\000i\000t\000i\000v\000e\000\040\000a\000s\000i\000n\000c\000r\000o\000n\000e}{section.6.7}% 93
\BOOKMARK [2][-]{subsection.6.7.2}{\376\377\000A\000r\000c\000h\000i\000t\000e\000t\000t\000u\000r\000e\000\040\000m\000o\000n\000o\000\040\000e\000\040\000m\000u\000l\000t\000i\000e\000l\000a\000b\000o\000r\000a\000t\000o\000r\000e}{section.6.7}% 94
\BOOKMARK [0][-]{chapter.7}{\376\377\000C\000o\000m\000u\000n\000i\000c\000a\000z\000i\000o\000n\000e\000\040\000c\000o\000n\000\040\000s\000i\000n\000c\000r\000o\000n\000i\000z\000z\000a\000z\000i\000o\000n\000e\000\040\000e\000s\000t\000e\000s\000a}{}% 95
\BOOKMARK [1][-]{section.7.1}{\376\377\000S\000e\000m\000a\000n\000t\000i\000c\000a}{chapter.7}% 96
\BOOKMARK [1][-]{section.7.2}{\376\377\000I\000m\000p\000l\000e\000m\000e\000n\000t\000a\000z\000i\000o\000n\000e}{chapter.7}% 97
\BOOKMARK [2][-]{subsection.7.2.1}{\376\377\000C\000h\000i\000a\000m\000a\000t\000a\000\040\000d\000i\000\040\000p\000r\000o\000c\000e\000d\000u\000r\000a\000\040\000r\000e\000m\000o\000t\000a}{section.7.2}% 98
\BOOKMARK [2][-]{subsection.7.2.2}{\376\377\000R\000e\000n\000d\000e\000z\000\040\000v\000o\000u\000s}{section.7.2}% 99
\BOOKMARK [2][-]{subsection.7.2.3}{\376\377\000R\000P\000C\000\040\000v\000s\000\040\000r\000e\000n\000d\000e\000z\000-\000v\000o\000u\000s}{section.7.2}% 100
\BOOKMARK [2][-]{subsection.7.2.4}{\376\377\000C\000h\000i\000a\000m\000a\000t\000a\000\040\000d\000i\000\040\000p\000r\000o\000c\000e\000d\000u\000r\000a\000\040\000r\000e\000m\000o\000t\000a}{section.7.2}% 101
\BOOKMARK [2][-]{subsection.7.2.5}{\376\377\000R\000e\000n\000d\000e\000z\000\040\000v\000o\000u\000s\000\040\000e\000s\000t\000e\000s\000o}{section.7.2}% 102
\BOOKMARK [0][-]{chapter.8}{\376\377\000A\000l\000g\000o\000r\000i\000t\000m\000i\000\040\000d\000i\000\040\000s\000i\000n\000c\000r\000o\000n\000i\000z\000z\000a\000z\000i\000o\000n\000e\000\040\000d\000i\000s\000t\000r\000i\000b\000u\000i\000t\000i}{}% 103
\BOOKMARK [1][-]{subsection.8.0.1}{\376\377\000P\000r\000e\000s\000t\000a\000z\000i\000o\000n\000i}{chapter.8}% 104
\BOOKMARK [2][-]{subsection.8.0.2}{\376\377\000T\000o\000l\000l\000e\000r\000a\000n\000z\000a\000\040\000a\000i\000\040\000g\000u\000a\000s\000t\000i}{subsection.8.0.1}% 105
\BOOKMARK [2][-]{subsection.8.0.3}{\376\377\000A\000l\000g\000o\000r\000i\000t\000m\000i\000\040\000d\000i\000\040\000s\000i\000n\000c\000r\000o\000n\000i\000z\000z\000a\000z\000i\000o\000n\000e}{subsection.8.0.1}% 106
\BOOKMARK [1][-]{section.8.1}{\376\377\000A\000l\000g\000o\000r\000i\000t\000m\000i\000\040\000p\000e\000r\000\040\000l\000a\000\040\000g\000e\000s\000t\000i\000o\000n\000e\000\040\000d\000e\000l\000\040\000t\000e\000m\000p\000o}{chapter.8}% 107
\BOOKMARK [2][-]{subsection.8.1.1}{\376\377\000T\000e\000m\000p\000o\000\040\000n\000e\000i\000\040\000s\000i\000s\000t\000e\000m\000i\000\040\000d\000i\000s\000t\000r\000i\000b\000u\000i\000t\000i}{section.8.1}% 108
\BOOKMARK [2][-]{subsection.8.1.2}{\376\377\000O\000r\000o\000l\000o\000g\000i\000\040\000l\000o\000g\000i\000c\000i}{section.8.1}% 109
\BOOKMARK [1][-]{section.8.2}{\376\377\000M\000u\000t\000u\000a\000\040\000e\000s\000c\000l\000u\000s\000i\000o\000n\000e\000\040\000i\000n\000\040\000s\000i\000s\000t\000e\000m\000i\000\040\000d\000i\000s\000t\000r\000i\000b\000u\000i\000t\000i}{chapter.8}% 110
